<?xml version="1.0" encoding="UTF-8"?>
<!-- Generated by org.testng.reporters.JUnitReportReporter -->
<testsuite hostname="LAPTOP-1EHUG3JI" failures="0" tests="1" name="com.selenium.framework.tests.Random" time="13.037" errors="0" timestamp="2021-08-18T22:47:50 EDT" skipped="0">
  <testcase classname="com.selenium.framework.tests.Random" name="initiation" time="13.037"/>
  <system-out/>
</testsuite> <!-- com.selenium.framework.tests.Random -->
