<?xml version="1.0" encoding="UTF-8"?>
<!-- Generated by org.testng.reporters.JUnitReportReporter -->
<testsuite hostname="LAPTOP-1EHUG3JI" failures="0" tests="1" name="com.selenium.framework.libraries.Base" time="11.929" errors="0" timestamp="2021-07-27T20:18:22 EDT" skipped="0">
  <testcase classname="com.selenium.framework.libraries.Base" name="doublecheck" time="11.929"/>
  <system-out/>
</testsuite> <!-- com.selenium.framework.libraries.Base -->
