<?xml version="1.0" encoding="UTF-8"?>
<!-- Generated by org.testng.reporters.JUnitReportReporter -->
<testsuite hostname="LAPTOP-1EHUG3JI" failures="0" tests="1" name="com.selenium.framework.tests.JqueryTesting" time="15.922" errors="0" timestamp="2021-07-28T00:47:39 EDT" skipped="0">
  <testcase classname="com.selenium.framework.tests.JqueryTesting" name="initiation" time="15.922"/>
  <system-out/>
</testsuite> <!-- com.selenium.framework.tests.JqueryTesting -->
