<?xml version="1.0" encoding="UTF-8"?>
<!-- Generated by org.testng.reporters.JUnitReportReporter -->
<testsuite hostname="LAPTOP-1EHUG3JI" failures="0" tests="1" name="com.selenium.framework.tests.JqueryTestingWidgets" time="73.063" errors="0" timestamp="2021-07-29T14:39:35 EDT" skipped="0">
  <testcase classname="com.selenium.framework.tests.JqueryTestingWidgets" name="initiation" time="73.063"/>
  <system-out/>
</testsuite> <!-- com.selenium.framework.tests.JqueryTestingWidgets -->
