<?xml version="1.0" encoding="UTF-8"?>
<!-- Generated by org.testng.reporters.JUnitXMLReporter -->
<testsuite ignored="0" hostname="LAPTOP-1EHUG3JI" failures="0" tests="4" name="Test-1" time="72.501" errors="0" timestamp="2021-09-19T13:14:14 EDT">
  <testcase classname="com.selenium.framework.tests.testingTESTxmlFile2" name="testCreatingAccountUsingSameEmail22" time="8.435"/>
  <testcase classname="com.selenium.framework.tests.testingTESTxmlFile2" name="testSignInRightCredentials22" time="19.727"/>
  <testcase classname="com.selenium.framework.tests.testingTESTxmlFile" name="testCreatingAccountUsingSameEmail" time="9.054"/>
  <testcase classname="com.selenium.framework.tests.testingTESTxmlFile" name="testSignInRightCredentials" time="10.895"/>
</testsuite> <!-- Test-1 -->
