<?xml version="1.0" encoding="UTF-8"?>
<!-- Generated by org.testng.reporters.JUnitReportReporter -->
<testsuite hostname="LAPTOP-1EHUG3JI" failures="0" tests="1" name="com.selenium.framework.tests.testingTESTxmlFile" time="19.504" errors="0" timestamp="2021-10-12T02:24:14 EDT" skipped="0">
  <testcase classname="com.selenium.framework.tests.testingTESTxmlFile" name="testCreatingAccountUsingSameEmail" time="19.504"/>
  <system-out/>
</testsuite> <!-- com.selenium.framework.tests.testingTESTxmlFile -->
