<?xml version="1.0" encoding="UTF-8"?>
<!-- Generated by org.testng.reporters.JUnitReportReporter -->
<testsuite hostname="LAPTOP-1EHUG3JI" failures="0" tests="4" name="com.selenium.framework.tests.SignInPageTesting" time="68.969" errors="0" timestamp="2021-09-19T12:58:39 EDT" skipped="0">
  <testcase classname="com.selenium.framework.tests.SignInPageTesting" name="testCreatingAccountUsingSameEmail" time="14.479"/>
  <system-out/>
  <testcase classname="com.selenium.framework.tests.SignInPageTesting" name="testSignInRightCredentials" time="17.013"/>
  <system-out/>
  <testcase classname="com.selenium.framework.tests.SignInPageTesting" name="testSignInWrongCredentials" time="18.836"/>
  <system-out/>
  <testcase classname="com.selenium.framework.tests.SignInPageTesting" name="testSignInWrongCredentialsWithNoDomain" time="18.641"/>
  <system-out/>
</testsuite> <!-- com.selenium.framework.tests.SignInPageTesting -->
