<?xml version="1.0" encoding="UTF-8"?>
<!-- Generated by org.testng.reporters.JUnitReportReporter -->
<testsuite hostname="LAPTOP-1EHUG3JI" failures="0" tests="1" name="com.selenium.framework.tests.DDTexcelSheet" time="0.000" errors="0" timestamp="2021-10-23T13:33:55 EDT" skipped="1">
  <testcase classname="com.selenium.framework.tests.DDTexcelSheet" name="contactCustomerCareTesting" time="0.000">
    <skipped/>
  </testcase> <!-- contactCustomerCareTesting -->
  <system-out/>
</testsuite> <!-- com.selenium.framework.tests.DDTexcelSheet -->
