<?xml version="1.0" encoding="UTF-8"?>
<!-- Generated by org.testng.reporters.JUnitReportReporter -->
<testsuite hostname="LAPTOP-1EHUG3JI" failures="0" tests="1" name="com.selenium.framework.libraries.BrokenLinks" time="5.367" errors="0" timestamp="2021-10-24T16:48:52 EDT" skipped="0">
  <testcase classname="com.selenium.framework.libraries.BrokenLinks" name="check" time="5.367"/>
  <system-out/>
</testsuite> <!-- com.selenium.framework.libraries.BrokenLinks -->
