<?xml version="1.0" encoding="UTF-8"?>
<!-- Generated by org.testng.reporters.JUnitReportReporter -->
<testsuite hostname="LAPTOP-1EHUG3JI" failures="0" tests="1" name="com.selenium.framework.tests.CartTxtCheckTesting" time="31.556" errors="0" timestamp="2021-08-24T18:13:40 EDT" skipped="0">
  <testcase classname="com.selenium.framework.tests.CartTxtCheckTesting" name="testingAddingToCartFunctionalities" time="31.556"/>
  <system-out/>
</testsuite> <!-- com.selenium.framework.tests.CartTxtCheckTesting -->
