<?xml version="1.0" encoding="UTF-8"?>
<!-- Generated by org.testng.reporters.JUnitReportReporter -->
<testsuite hostname="LAPTOP-1EHUG3JI" failures="0" tests="3" name="differentTestings.getAllLinks" time="34.079" errors="0" timestamp="2021-11-10T00:32:14 EST" skipped="2">
  <testcase classname="differentTestings.getAllLinks" name="findTotalNumberAllLinkPrint" time="34.079"/>
  <system-out/>
  <testcase classname="differentTestings.getAllLinks" name="findTotalNumberEmptyLinkPrint">
    <skipped/>
  </testcase> <!-- findTotalNumberEmptyLinkPrint -->
  <system-out/>
  <testcase classname="differentTestings.getAllLinks" name="findTotalNumberNotEmptyLinkPrint">
    <skipped/>
  </testcase> <!-- findTotalNumberNotEmptyLinkPrint -->
  <system-out/>
</testsuite> <!-- differentTestings.getAllLinks -->
