<?xml version="1.0" encoding="UTF-8"?>
<!-- Generated by org.testng.reporters.JUnitReportReporter -->
<testsuite hostname="LAPTOP-1EHUG3JI" failures="0" tests="3" name="com.selenium.framework.tests.TestingSignIn" time="28.657" errors="0" timestamp="2021-08-22T00:48:03 EDT" skipped="0">
  <testcase classname="com.selenium.framework.tests.TestingSignIn" name="testSignInRightCredentials" time="9.520"/>
  <system-out/>
  <testcase classname="com.selenium.framework.tests.TestingSignIn" name="testSignInWrongCredentials" time="8.908"/>
  <system-out/>
  <testcase classname="com.selenium.framework.tests.TestingSignIn" name="testSignInWrongCredentialsWithNoDomain" time="10.229"/>
  <system-out/>
</testsuite> <!-- com.selenium.framework.tests.TestingSignIn -->
