<?xml version="1.0" encoding="UTF-8"?>
<!-- Generated by org.testng.reporters.JUnitReportReporter -->
<testsuite hostname="LAPTOP-1EHUG3JI" failures="0" tests="3" name="com.selenium.framework.tests.UsersDataValidationtesting" time="88.970" errors="0" timestamp="2021-09-18T03:04:03 EDT" skipped="0">
  <testcase classname="com.selenium.framework.tests.UsersDataValidationtesting" name="testing" time="27.123"/>
  <system-out/>
  <testcase classname="com.selenium.framework.tests.UsersDataValidationtesting" name="testingReOrderFunctionality" time="40.911"/>
  <system-out/>
  <testcase classname="com.selenium.framework.tests.UsersDataValidationtesting" name="testingReOrderFunctionality22222" time="20.936"/>
  <system-out/>
</testsuite> <!-- com.selenium.framework.tests.UsersDataValidationtesting -->
