<?xml version="1.0" encoding="UTF-8"?>
<!-- Generated by org.testng.reporters.JUnitReportReporter -->
<testsuite hostname="LAPTOP-1EHUG3JI" failures="0" tests="2" name="com.selenium.framework.tests.UserLinkTesting" time="18.401" errors="0" timestamp="2021-09-18T03:04:03 EDT" skipped="0">
  <testcase classname="com.selenium.framework.tests.UserLinkTesting" name="notEmptyUserLinksTesting" time="9.907"/>
  <system-out/>
  <testcase classname="com.selenium.framework.tests.UserLinkTesting" name="emptyUserLinksTesting" time="8.494"/>
  <system-out/>
</testsuite> <!-- com.selenium.framework.tests.UserLinkTesting -->
