<?xml version="1.0" encoding="UTF-8"?>
<!-- Generated by org.testng.reporters.JUnitReportReporter -->
<testsuite hostname="LAPTOP-1EHUG3JI" failures="0" tests="3" name="differentTestings.DDTdataProviderAnnotation" time="60.107" errors="0" timestamp="2021-11-10T00:34:15 EST" skipped="0">
  <testcase classname="differentTestings.DDTdataProviderAnnotation" name="contactCustomerCareTesting" time="19.349"/>
  <system-out>
Yayyy my test is passed!!  </system-out>
  <testcase classname="differentTestings.DDTdataProviderAnnotation" name="contactCustomerCareTesting" time="19.909"/>
  <system-out>
Yayyy my test is passed!!  </system-out>
  <testcase classname="differentTestings.DDTdataProviderAnnotation" name="contactCustomerCareTesting" time="20.849"/>
  <system-out>
Yayyy my test is passed!!  </system-out>
</testsuite> <!-- differentTestings.DDTdataProviderAnnotation -->
