<?xml version="1.0" encoding="UTF-8"?>
<!-- Generated by org.testng.reporters.JUnitReportReporter -->
<testsuite hostname="LAPTOP-1EHUG3JI" failures="0" tests="3" name="com.selenium.framework.tests.DataProvider" time="46.308" errors="0" timestamp="2021-10-14T16:33:54 EDT" skipped="0">
  <testcase classname="com.selenium.framework.tests.DataProvider" name="contactCustomerCareTesting" time="15.156"/>
  <system-out>
Yayyy my test is passed!!  </system-out>
  <testcase classname="com.selenium.framework.tests.DataProvider" name="contactCustomerCareTesting" time="15.652"/>
  <system-out>
Yayyy my test is passed!!  </system-out>
  <testcase classname="com.selenium.framework.tests.DataProvider" name="contactCustomerCareTesting" time="15.500"/>
  <system-out>
Yayyy my test is passed!!  </system-out>
</testsuite> <!-- com.selenium.framework.tests.DataProvider -->
