<?xml version="1.0" encoding="UTF-8"?>
<!-- Generated by org.testng.reporters.JUnitReportReporter -->
<testsuite hostname="LAPTOP-1EHUG3JI" failures="0" tests="1" name="com.seleniun.framework.pages.HomePageCartDetials" time="5.474" errors="0" timestamp="2021-08-17T23:30:36 EDT" skipped="0">
  <testcase classname="com.seleniun.framework.pages.HomePageCartDetials" name="loadingDriver" time="5.474"/>
  <system-out/>
</testsuite> <!-- com.seleniun.framework.pages.HomePageCartDetials -->
