<?xml version="1.0" encoding="UTF-8"?>
<!-- Generated by org.testng.reporters.JUnitReportReporter -->
<testsuite hostname="LAPTOP-1EHUG3JI" failures="0" tests="1" name="com.selenium.framework.tests.testingUserLinksTest" time="10.970" errors="0" timestamp="2021-08-31T17:28:29 EDT" skipped="0">
  <testcase classname="com.selenium.framework.tests.testingUserLinksTest" name="testing" time="10.970"/>
  <system-out/>
</testsuite> <!-- com.selenium.framework.tests.testingUserLinksTest -->
