<?xml version="1.0" encoding="UTF-8"?>
<!-- Generated by org.testng.reporters.JUnitReportReporter -->
<testsuite hostname="LAPTOP-1EHUG3JI" failures="0" tests="1" name="com.selenium.framework.tests.CreatAccTesting" time="33.589" errors="0" timestamp="2021-09-11T00:02:40 EDT" skipped="0">
  <testcase classname="com.selenium.framework.tests.CreatAccTesting" name="test" time="33.589"/>
  <system-out/>
</testsuite> <!-- com.selenium.framework.tests.CreatAccTesting -->
