<?xml version="1.0" encoding="UTF-8"?>
<!-- Generated by org.testng.reporters.JUnitReportReporter -->
<testsuite hostname="LAPTOP-1EHUG3JI" failures="0" tests="1" name="differentTestings.calendarJavaScript" time="11.536" errors="0" timestamp="2021-10-13T14:32:42 EDT" skipped="0">
  <testcase classname="differentTestings.calendarJavaScript" name="startChromeBrowser" time="11.536"/>
  <system-out/>
</testsuite> <!-- differentTestings.calendarJavaScript -->
