<?xml version="1.0" encoding="UTF-8"?>
<!-- Generated by org.testng.reporters.JUnitReportReporter -->
<testsuite hostname="LAPTOP-1EHUG3JI" failures="0" tests="4" name="com.selenium.framework.tests.searchingFunctionsTesting" time="45.738" errors="0" timestamp="2021-09-19T12:45:50 EDT" skipped="0">
  <testcase classname="com.selenium.framework.tests.searchingFunctionsTesting" name="searchingSpecialCharactersAndNumbersTest" time="13.380"/>
  <system-out/>
  <testcase classname="com.selenium.framework.tests.searchingFunctionsTesting" name="UsingHighestLowestFilterTest" time="12.446"/>
  <system-out/>
  <testcase classname="com.selenium.framework.tests.searchingFunctionsTesting" name="confirmSearchResultMatchingToSearchInput" time="13.232"/>
  <system-out/>
  <testcase classname="com.selenium.framework.tests.searchingFunctionsTesting" name="checkingSiteMsgAfterSearchingNotExistItem" time="6.680"/>
  <system-out/>
</testsuite> <!-- com.selenium.framework.tests.searchingFunctionsTesting -->
