<?xml version="1.0" encoding="UTF-8"?>
<!-- Generated by org.testng.reporters.JUnitReportReporter -->
<testsuite hostname="LAPTOP-1EHUG3JI" failures="0" tests="3" name="com.selenium.framework.libraries.getAllLinks" time="34.518" errors="0" timestamp="2021-11-10T00:25:53 EST" skipped="2">
  <testcase classname="com.selenium.framework.libraries.getAllLinks" name="findTotalNumberAllLinkPrint" time="34.518"/>
  <system-out/>
  <testcase classname="com.selenium.framework.libraries.getAllLinks" name="findTotalNumberNotEmptyLinkPrint">
    <skipped/>
  </testcase> <!-- findTotalNumberNotEmptyLinkPrint -->
  <system-out/>
  <testcase classname="com.selenium.framework.libraries.getAllLinks" name="findTotalNumberEmptyLinkPrint">
    <skipped/>
  </testcase> <!-- findTotalNumberEmptyLinkPrint -->
  <system-out/>
</testsuite> <!-- com.selenium.framework.libraries.getAllLinks -->
