<?xml version="1.0" encoding="UTF-8"?>
<!-- Generated by org.testng.reporters.JUnitReportReporter -->
<testsuite hostname="LAPTOP-1EHUG3JI" failures="0" tests="1" name="com.selenium.framework.tests.WishListTesting" time="49.406" errors="0" timestamp="2021-09-18T03:04:03 EDT" skipped="0">
  <testcase classname="com.selenium.framework.tests.WishListTesting" name="Testing" time="49.406"/>
  <system-out/>
</testsuite> <!-- com.selenium.framework.tests.WishListTesting -->
