<?xml version="1.0" encoding="UTF-8"?>
<!-- Generated by org.testng.reporters.JUnitReportReporter -->
<testsuite hostname="LAPTOP-1EHUG3JI" failures="0" tests="1" name="com.selenium.framework.tests.ContactCCareTesting" time="22.300" errors="0" timestamp="2021-11-09T02:31:56 EST" skipped="0">
  <testcase classname="com.selenium.framework.tests.ContactCCareTesting" name="contactCustomerCareTesting" time="22.300"/>
  <system-out>
Yayyy my test is passed!!  </system-out>
</testsuite> <!-- com.selenium.framework.tests.ContactCCareTesting -->
